0.040694 158
9.333991 1
0.807021 1
0.094775 1
0.260277 1
0.133971 1
0.545047 2
0.084002 216
0.008283 158
1.310545 1
0.722069 1
0.120226 1
0.179570 1
0.115111 1
0.326151 2
0.013807 2
11.924604 1
0.145607 1
0.054540 1
0.155069 1
2.876147 1
0.164211 1
0.299667 1
0.236353 1
0.254867 1
0.201335 1
1.672556 1
0.406126 1
0.611061 1
0.354332 1
0.165443 1
0.310927 1
0.775894 1
0.291329 2
0.005422 6
4.987645 1
0.233182 1
0.147091 1
0.124649 1
0.145493 2
0.001018 158
0.473043 1
0.192170 1
0.114520 1
0.129874 1
0.151252 2
0.000063 6
